0 info it worked if it ends with ok
1 verbose cli [ 'node', '/usr/bin/npm', 'install', '-g', 'grunt' ]
2 info using npm@1.3.1
3 info using node@v0.8.11
4 verbose cache add [ 'grunt', null ]
5 verbose cache add name=undefined spec="grunt" args=["grunt",null]
6 verbose parsed url { pathname: 'grunt', path: 'grunt', href: 'grunt' }
7 silly lockFile 20ff3fd8-grunt grunt
8 verbose lock grunt /Users/thekevinscott/.npm/20ff3fd8-grunt.lock
9 silly lockFile 20ff3fd8-grunt grunt
10 silly lockFile 20ff3fd8-grunt grunt
11 verbose addNamed [ 'grunt', '' ]
12 verbose addNamed [ null, '*' ]
13 silly lockFile 55f1ff24-grunt grunt@
14 verbose lock grunt@ /Users/thekevinscott/.npm/55f1ff24-grunt.lock
15 silly addNameRange { name: 'grunt', range: '*', hasData: false }
16 verbose url raw grunt
17 verbose url resolving [ 'https://registry.npmjs.org/', './grunt' ]
18 verbose url resolved https://registry.npmjs.org/grunt
19 info trying registry request attempt 1 at 15:02:40
20 verbose etag "9IO5YQXZIPZR01UFWAMLK1FOU"
21 http GET https://registry.npmjs.org/grunt
22 http 304 https://registry.npmjs.org/grunt
23 silly registry.get cb [ 304,
23 silly registry.get   { server: 'CouchDB/1.3.0 (Erlang OTP/R15B03)',
23 silly registry.get     etag: '"9IO5YQXZIPZR01UFWAMLK1FOU"',
23 silly registry.get     date: 'Thu, 27 Jun 2013 19:02:40 GMT',
23 silly registry.get     'content-length': '0' } ]
24 verbose etag grunt from cache
25 silly addNameRange number 2 { name: 'grunt', range: '*', hasData: true }
26 silly addNameRange versions [ 'grunt',
26 silly addNameRange   [ '0.1.0',
26 silly addNameRange     '0.1.1',
26 silly addNameRange     '0.1.2',
26 silly addNameRange     '0.2.0',
26 silly addNameRange     '0.2.1',
26 silly addNameRange     '0.2.2',
26 silly addNameRange     '0.2.3',
26 silly addNameRange     '0.2.4',
26 silly addNameRange     '0.2.5',
26 silly addNameRange     '0.2.6',
26 silly addNameRange     '0.2.7',
26 silly addNameRange     '0.2.8',
26 silly addNameRange     '0.2.9',
26 silly addNameRange     '0.2.10',
26 silly addNameRange     '0.2.11',
26 silly addNameRange     '0.2.12',
26 silly addNameRange     '0.2.13',
26 silly addNameRange     '0.2.14',
26 silly addNameRange     '0.2.15',
26 silly addNameRange     '0.3.0',
26 silly addNameRange     '0.3.1',
26 silly addNameRange     '0.3.2',
26 silly addNameRange     '0.3.3',
26 silly addNameRange     '0.3.4',
26 silly addNameRange     '0.3.5',
26 silly addNameRange     '0.3.6',
26 silly addNameRange     '0.3.7',
26 silly addNameRange     '0.3.8',
26 silly addNameRange     '0.3.9',
26 silly addNameRange     '0.3.10',
26 silly addNameRange     '0.3.11',
26 silly addNameRange     '0.3.12',
26 silly addNameRange     '0.3.13a',
26 silly addNameRange     '0.3.13',
26 silly addNameRange     '0.3.14',
26 silly addNameRange     '0.3.15',
26 silly addNameRange     '0.3.16',
26 silly addNameRange     '0.3.17',
26 silly addNameRange     '0.4.0a',
26 silly addNameRange     '0.4.0rc1',
26 silly addNameRange     '0.4.0rc2',
26 silly addNameRange     '0.4.0rc3',
26 silly addNameRange     '0.4.0rc4',
26 silly addNameRange     '0.4.0rc5',
26 silly addNameRange     '0.4.0rc6',
26 silly addNameRange     '0.4.0rc7',
26 silly addNameRange     '0.4.0rc8',
26 silly addNameRange     '0.4.0',
26 silly addNameRange     '0.4.1' ] ]
27 verbose addNamed [ 'grunt', '0.4.1' ]
28 verbose addNamed [ '0.4.1', '0.4.1' ]
29 silly lockFile f9e87dfe-grunt-0-4-1 grunt@0.4.1
30 verbose lock grunt@0.4.1 /Users/thekevinscott/.npm/f9e87dfe-grunt-0-4-1.lock
31 silly lockFile f9e87dfe-grunt-0-4-1 grunt@0.4.1
32 silly lockFile f9e87dfe-grunt-0-4-1 grunt@0.4.1
33 silly lockFile 55f1ff24-grunt grunt@
34 silly lockFile 55f1ff24-grunt grunt@
35 silly resolved [ { name: 'grunt',
35 silly resolved     description: 'The JavaScript Task Runner',
35 silly resolved     version: '0.4.1',
35 silly resolved     author: { name: '"Cowboy" Ben Alman', url: 'http://benalman.com/' },
35 silly resolved     homepage: 'http://gruntjs.com/',
35 silly resolved     repository: { type: 'git', url: 'git://github.com/gruntjs/grunt.git' },
35 silly resolved     bugs: { url: 'http://github.com/gruntjs/grunt/issues' },
35 silly resolved     licenses: [ [Object] ],
35 silly resolved     main: 'lib/grunt',
35 silly resolved     scripts: { test: 'grunt test' },
35 silly resolved     engines: { node: '>= 0.8.0' },
35 silly resolved     keywords:
35 silly resolved      [ 'task',
35 silly resolved        'async',
35 silly resolved        'cli',
35 silly resolved        'minify',
35 silly resolved        'uglify',
35 silly resolved        'build',
35 silly resolved        'lodash',
35 silly resolved        'unit',
35 silly resolved        'test',
35 silly resolved        'qunit',
35 silly resolved        'nodeunit',
35 silly resolved        'server',
35 silly resolved        'init',
35 silly resolved        'scaffold',
35 silly resolved        'make',
35 silly resolved        'jake',
35 silly resolved        'tool' ],
35 silly resolved     dependencies:
35 silly resolved      { async: '~0.1.22',
35 silly resolved        'coffee-script': '~1.3.3',
35 silly resolved        colors: '~0.6.0-1',
35 silly resolved        dateformat: '1.0.2-1.2.3',
35 silly resolved        eventemitter2: '~0.4.9',
35 silly resolved        'findup-sync': '~0.1.0',
35 silly resolved        glob: '~3.1.21',
35 silly resolved        hooker: '~0.2.3',
35 silly resolved        'iconv-lite': '~0.2.5',
35 silly resolved        minimatch: '~0.2.6',
35 silly resolved        nopt: '~1.0.10',
35 silly resolved        rimraf: '~2.0.2',
35 silly resolved        lodash: '~0.9.0',
35 silly resolved        'underscore.string': '~2.2.0rc',
35 silly resolved        which: '~1.0.5',
35 silly resolved        'js-yaml': '~2.0.2' },
35 silly resolved     devDependencies:
35 silly resolved      { temporary: '~0.0.4',
35 silly resolved        'grunt-contrib-jshint': '~0.1.1',
35 silly resolved        'grunt-contrib-nodeunit': '~0.1.2',
35 silly resolved        'grunt-contrib-watch': '~0.2.0',
35 silly resolved        difflet: '~0.2.3' },
35 silly resolved     contributors: [ [Object], [Object], [Object], [Object] ],
35 silly resolved     readme: '# Grunt: The JavaScript Task Runner [![Build Status](https://secure.travis-ci.org/gruntjs/grunt.png?branch=master)](http://travis-ci.org/gruntjs/grunt)\n\n### Documentation\n\nVisit the [gruntjs.com](http://gruntjs.com/) website for all the things.\n\n### Support / Contributing\nBefore you make an issue, please read our [Contributing](http://gruntjs.com/contributing) guide.\n\nYou can find the grunt team in [#grunt on irc.freenode.net](irc://irc.freenode.net/#grunt).\n\n### Release History\nSee the [CHANGELOG](CHANGELOG).\n',
35 silly resolved     readmeFilename: 'README.md',
35 silly resolved     _id: 'grunt@0.4.1',
35 silly resolved     _from: 'grunt@' } ]
36 info install grunt@0.4.1 into /usr/lib
37 info installOne grunt@0.4.1
38 info /usr/lib/node_modules/grunt unbuild
39 info preuninstall grunt@0.4.1
40 info uninstall grunt@0.4.1
41 verbose true,/usr/lib/node_modules,/usr/lib/node_modules unbuild grunt@0.4.1
42 info postuninstall grunt@0.4.1
43 info /usr/lib/node_modules/grunt unbuild
44 info preuninstall grunt@0.4.1
45 info uninstall grunt@0.4.1
46 verbose true,/usr/lib/node_modules,/usr/lib/node_modules unbuild grunt@0.4.1
47 info postuninstall grunt@0.4.1
48 error error rolling back Error: EACCES, unlink '/usr/lib/node_modules/grunt'
48 error error rolling back  grunt@0.4.1 { [Error: EACCES, unlink '/usr/lib/node_modules/grunt'] errno: 3, code: 'EACCES', path: '/usr/lib/node_modules/grunt' }
49 error Error: EACCES, unlink '/usr/lib/node_modules/grunt'
49 error  { [Error: EACCES, unlink '/usr/lib/node_modules/grunt'] errno: 3, code: 'EACCES', path: '/usr/lib/node_modules/grunt' }
50 error Please try running this command again as root/Administrator.
51 error System Darwin 12.4.0
52 error command "node" "/usr/bin/npm" "install" "-g" "grunt"
53 error cwd /www/glasswing
54 error node -v v0.8.11
55 error npm -v 1.3.1
56 error path /usr/lib/node_modules/grunt
57 error code EACCES
58 error errno 3
59 error stack Error: EACCES, unlink '/usr/lib/node_modules/grunt'
60 verbose exit [ 3, true ]
